Branchster-Android/app/build/intermediates/manifest_merge_blame_file/release/manifest-merger-blame-release-report.txt
1<?xml version="1.0" encoding="utf-8"?>
2<manifest xmlns:android="http://schemas.android.com/apk/res/android"
3    package="io.branch.branchster"
4    android:versionCode="4"
5    android:versionName="1.0.0" >
6
7    <uses-sdk
8        android:minSdkVersion="16"
8-->src/main/AndroidManifest.xml
9        android:targetSdkVersion="28" />
9-->src/main/AndroidManifest.xml
10
11    <uses-permission android:name="android.permission.INTERNET" />
11-->src/main/AndroidManifest.xml:7:5-67
11-->src/main/AndroidManifest.xml:7:22-64
12    <uses-permission android:name="android.permission.ACCESS_NETWORK_STATE" /> <!-- Optional permission for Analytics to run. -->
12-->[com.google.android.gms:play-services-ads-lite:11.0.4] AndroidManifest.xml:20:5-78
12-->[com.google.android.gms:play-services-ads-lite:11.0.4] AndroidManifest.xml:20:22-76
13    <uses-permission android:name="android.permission.WAKE_LOCK" /> <!-- Permissions required for GCM -->
13-->[com.google.android.gms:play-services-analytics:11.0.4] AndroidManifest.xml:24:5-67
13-->[com.google.android.gms:play-services-analytics:11.0.4] AndroidManifest.xml:24:22-65
14    <uses-permission android:name="com.google.android.c2dm.permission.RECEIVE" />
14-->[com.google.android.gms:play-services-gcm:11.0.4] AndroidManifest.xml:20:5-81
14-->[com.google.android.gms:play-services-gcm:11.0.4] AndroidManifest.xml:20:22-79
15
16    <uses-feature
16-->[com.google.android.gms:play-services-maps:11.0.4] AndroidManifest.xml:21:5-77
17        android:glEsVersion="0x00020000"
17-->[com.google.android.gms:play-services-maps:11.0.4] AndroidManifest.xml:21:19-51
18        android:required="true" />
18-->[com.google.android.gms:play-services-maps:11.0.4] AndroidManifest.xml:21:52-75
19
20    <permission
20-->[com.google.firebase:firebase-iid:11.0.4] AndroidManifest.xml:24:5-109
21        android:name="io.branch.branchster.permission.C2D_MESSAGE"
21-->[com.google.firebase:firebase-iid:11.0.4] AndroidManifest.xml:24:17-71
22        android:protectionLevel="signature" />
22-->[com.google.firebase:firebase-iid:11.0.4] AndroidManifest.xml:24:72-107
23
24    <uses-permission android:name="io.branch.branchster.permission.C2D_MESSAGE" />
24-->[com.google.firebase:firebase-iid:11.0.4] AndroidManifest.xml:26:5-78
24-->[com.google.firebase:firebase-iid:11.0.4] AndroidManifest.xml:26:22-76
25
26    <application
26-->src/main/AndroidManifest.xml:9:5-75:19
27        android:name="io.branch.branchster.BranchsterApplication"
27-->src/main/AndroidManifest.xml:12:9-66
28        android:allowBackup="true"
28-->src/main/AndroidManifest.xml:11:9-35
29        android:appComponentFactory="android.support.v4.app.CoreComponentFactory"
29-->[com.android.support:support-compat:28.0.0] AndroidManifest.xml:22:18-91
30        android:icon="@drawable/ic_launcher"
30-->src/main/AndroidManifest.xml:13:9-45
31        android:label="@string/app_name"
31-->src/main/AndroidManifest.xml:14:9-41
32        android:largeHeap="true" >
32-->src/main/AndroidManifest.xml:10:9-33
33        <activity
33-->src/main/AndroidManifest.xml:15:9-43:20
34            android:name="io.branch.branchster.SplashActivity"
34-->src/main/AndroidManifest.xml:16:13-63
35            android:label="@string/app_name"
35-->src/main/AndroidManifest.xml:17:13-45
36            android:launchMode="singleTask"
36-->src/main/AndroidManifest.xml:20:13-44
37            android:screenOrientation="portrait"
37-->src/main/AndroidManifest.xml:18:13-49
38            android:theme="@style/Theme.Transparent" >
38-->src/main/AndroidManifest.xml:19:13-53
39            <intent-filter>
39-->src/main/AndroidManifest.xml:22:13-25:29
40                <action android:name="android.intent.action.MAIN" />
40-->src/main/AndroidManifest.xml:23:17-69
40-->src/main/AndroidManifest.xml:23:25-66
41
42                <category android:name="android.intent.category.LAUNCHER" />
42-->src/main/AndroidManifest.xml:24:17-77
42-->src/main/AndroidManifest.xml:24:27-74
43            </intent-filter>
44
45            <!-- Branch URI scheme -->
46            <intent-filter>
46-->src/main/AndroidManifest.xml:28:13-33:29
47                <data
47-->src/main/AndroidManifest.xml:29:17-74
48                    android:host="open"
48-->src/main/AndroidManifest.xml:29:52-71
49                    android:scheme="branchsters" />
49-->src/main/AndroidManifest.xml:29:23-51
50
51                <action android:name="android.intent.action.VIEW" />
51-->src/main/AndroidManifest.xml:30:17-69
51-->src/main/AndroidManifest.xml:30:25-66
52
53                <category android:name="android.intent.category.DEFAULT" />
53-->src/main/AndroidManifest.xml:31:17-76
53-->src/main/AndroidManifest.xml:31:27-73
54                <category android:name="android.intent.category.BROWSABLE" />
54-->src/main/AndroidManifest.xml:32:17-78
54-->src/main/AndroidManifest.xml:32:27-75
55            </intent-filter>
56
57            <!-- Branch App Links -->
58            <intent-filter android:autoVerify="true" >
58-->src/main/AndroidManifest.xml:36:13-41:29
58-->src/main/AndroidManifest.xml:36:28-53
59                <action android:name="android.intent.action.VIEW" />
59-->src/main/AndroidManifest.xml:30:17-69
59-->src/main/AndroidManifest.xml:30:25-66
60
61                <category android:name="android.intent.category.DEFAULT" />
61-->src/main/AndroidManifest.xml:31:17-76
61-->src/main/AndroidManifest.xml:31:27-73
62                <category android:name="android.intent.category.BROWSABLE" />
62-->src/main/AndroidManifest.xml:32:17-78
62-->src/main/AndroidManifest.xml:32:27-75
63
64                <data
64-->src/main/AndroidManifest.xml:29:17-74
65                    android:host="se-john-tan.app.link"
65-->src/main/AndroidManifest.xml:29:52-71
66                    android:scheme="https" />
66-->src/main/AndroidManifest.xml:29:23-51
67            </intent-filter>
68        </activity>
69        <activity
69-->src/main/AndroidManifest.xml:45:9-50:20
70            android:name="io.branch.branchster.MonsterViewerActivity"
70-->src/main/AndroidManifest.xml:46:13-70
71            android:launchMode="singleInstance"
71-->src/main/AndroidManifest.xml:48:13-48
72            android:screenOrientation="portrait"
72-->src/main/AndroidManifest.xml:49:13-49
73            android:theme="@style/Theme.Default" >
73-->src/main/AndroidManifest.xml:47:13-49
74        </activity>
75        <activity
75-->src/main/AndroidManifest.xml:52:9-57:20
76            android:name="io.branch.branchster.MonsterCreatorActivity"
76-->src/main/AndroidManifest.xml:53:13-71
77            android:launchMode="singleInstance"
77-->src/main/AndroidManifest.xml:55:13-48
78            android:screenOrientation="portrait"
78-->src/main/AndroidManifest.xml:56:13-49
79            android:theme="@style/Theme.Default" >
79-->src/main/AndroidManifest.xml:54:13-49
80        </activity>
81
82        <meta-data
82-->src/main/AndroidManifest.xml:59:9-107
83            android:name="com.facebook.sdk.ApplicationId"
83-->src/main/AndroidManifest.xml:59:20-65
84            android:value="@string/facebook_app_id" />
84-->src/main/AndroidManifest.xml:59:66-105
85
86        <!-- Branch init -->
87        <meta-data
87-->src/main/AndroidManifest.xml:62:9-96
88            android:name="io.branch.sdk.BranchKey"
88-->src/main/AndroidManifest.xml:62:20-58
89            android:value="@string/branch_key" />
89-->src/main/AndroidManifest.xml:62:59-93
90        <meta-data
90-->src/main/AndroidManifest.xml:63:9-106
91            android:name="io.branch.sdk.BranchKey.test"
91-->src/main/AndroidManifest.xml:63:20-63
92            android:value="@string/branch_key_test" />
92-->src/main/AndroidManifest.xml:63:64-103
93        <!-- Branch testing (TestMode "true" to simulate fresh installs on dev environment) -->
94        <meta-data
94-->src/main/AndroidManifest.xml:65:9-82
95            android:name="io.branch.sdk.TestMode"
95-->src/main/AndroidManifest.xml:65:20-57
96            android:value="false" />
96-->src/main/AndroidManifest.xml:65:58-79
97
98        <!-- Branch install referrer tracking -->
99        <receiver
99-->src/main/AndroidManifest.xml:69:9-73:20
100            android:name="io.branch.referral.InstallListener"
100-->src/main/AndroidManifest.xml:69:19-68
101            android:exported="true" >
101-->src/main/AndroidManifest.xml:69:69-92
102            <intent-filter>
102-->src/main/AndroidManifest.xml:70:13-72:29
103                <action android:name="com.android.vending.INSTALL_REFERRER" />
103-->src/main/AndroidManifest.xml:71:17-79
103-->src/main/AndroidManifest.xml:71:25-76
104            </intent-filter>
105        </receiver>
106        <receiver android:name="com.google.android.gms.cast.framework.media.MediaIntentReceiver" />
106-->[com.google.android.gms:play-services-cast-framework:11.0.4] AndroidManifest.xml:5:9-99
106-->[com.google.android.gms:play-services-cast-framework:11.0.4] AndroidManifest.xml:5:19-97
107
108        <service android:name="com.google.android.gms.cast.framework.media.MediaNotificationService" />
108-->[com.google.android.gms:play-services-cast-framework:11.0.4] AndroidManifest.xml:6:9-103
108-->[com.google.android.gms:play-services-cast-framework:11.0.4] AndroidManifest.xml:6:18-101
109        <service android:name="com.google.android.gms.cast.framework.ReconnectionService" /> <!-- Include the AdActivity and InAppPurchaseActivity configChanges and themes. -->
109-->[com.google.android.gms:play-services-cast-framework:11.0.4] AndroidManifest.xml:7:9-92
109-->[com.google.android.gms:play-services-cast-framework:11.0.4] AndroidManifest.xml:7:18-90
110        <activity
110-->[com.google.android.gms:play-services-ads-lite:11.0.4] AndroidManifest.xml:25:9-232
111            android:name="com.google.android.gms.ads.AdActivity"
111-->[com.google.android.gms:play-services-ads-lite:11.0.4] AndroidManifest.xml:25:19-71
112            android:configChanges="keyboard|keyboardHidden|orientation|screenLayout|uiMode|screenSize|smallestScreenSize"
112-->[com.google.android.gms:play-services-ads-lite:11.0.4] AndroidManifest.xml:25:72-181
113            android:theme="@android:style/Theme.Translucent" />
113-->[com.google.android.gms:play-services-ads-lite:11.0.4] AndroidManifest.xml:25:182-230
114        <activity
114-->[com.google.android.gms:play-services-appinvite:11.0.4] AndroidManifest.xml:20:9-25:20
115            android:name="com.google.android.gms.appinvite.PreviewActivity"
115-->[com.google.android.gms:play-services-appinvite:11.0.4] AndroidManifest.xml:20:19-50
116            android:exported="true"
116-->[com.google.android.gms:play-services-appinvite:11.0.4] AndroidManifest.xml:20:51-74
117            android:theme="@style/Theme.AppInvite.Preview" >
117-->[com.google.android.gms:play-services-appinvite:11.0.4] AndroidManifest.xml:20:75-121
118            <intent-filter>
118-->[com.google.android.gms:play-services-appinvite:11.0.4] AndroidManifest.xml:21:13-24:29
119                <action android:name="com.google.android.gms.appinvite.ACTION_PREVIEW" />
119-->[com.google.android.gms:play-services-appinvite:11.0.4] AndroidManifest.xml:22:17-89
119-->[com.google.android.gms:play-services-appinvite:11.0.4] AndroidManifest.xml:22:25-87
120
121                <category android:name="android.intent.category.DEFAULT" />
121-->src/main/AndroidManifest.xml:31:17-76
121-->src/main/AndroidManifest.xml:31:27-73
122            </intent-filter>
123        </activity>
124        <activity
124-->[com.google.android.gms:play-services-auth:11.0.4] AndroidManifest.xml:20:9-189
125            android:name="com.google.android.gms.auth.api.signin.internal.SignInHubActivity"
125-->[com.google.android.gms:play-services-auth:11.0.4] AndroidManifest.xml:20:19-68
126            android:excludeFromRecents="true"
126-->[com.google.android.gms:play-services-auth:11.0.4] AndroidManifest.xml:20:129-162
127            android:exported="false"
127-->[com.google.android.gms:play-services-auth:11.0.4] AndroidManifest.xml:20:163-187
128            android:theme="@android:style/Theme.Translucent.NoTitleBar" />
128-->[com.google.android.gms:play-services-auth:11.0.4] AndroidManifest.xml:20:69-128
129        <!--
130Service handling Google Sign-In user revocation. For apps that do not integrate with
131            Google Sign-In, this service will never be started.
132        -->
133        <service
133-->[com.google.android.gms:play-services-auth:11.0.4] AndroidManifest.xml:24:9-184
134            android:name="com.google.android.gms.auth.api.signin.RevocationBoundService"
134-->[com.google.android.gms:play-services-auth:11.0.4] AndroidManifest.xml:24:18-63
135            android:exported="true"
135-->[com.google.android.gms:play-services-auth:11.0.4] AndroidManifest.xml:24:64-87
136            android:permission="com.google.android.gms.auth.api.signin.permission.REVOCATION_NOTIFICATION" />
136-->[com.google.android.gms:play-services-auth:11.0.4] AndroidManifest.xml:24:88-182
137
138        <activity
138-->[com.google.android.gms:play-services-base:11.0.4] AndroidManifest.xml:19:9-172
139            android:name="com.google.android.gms.common.api.GoogleApiActivity"
139-->[com.google.android.gms:play-services-base:11.0.4] AndroidManifest.xml:19:19-85
140            android:exported="false"
140-->[com.google.android.gms:play-services-base:11.0.4] AndroidManifest.xml:19:146-170
141            android:theme="@android:style/Theme.Translucent.NoTitleBar" />
141-->[com.google.android.gms:play-services-base:11.0.4] AndroidManifest.xml:19:86-145
142        <!--
143 FirebaseMessagingService performs security checks at runtime,
144             no need for explicit permissions despite exported="true"
145        -->
146        <service
146-->[com.google.firebase:firebase-messaging:11.0.4] AndroidManifest.xml:23:9-27:19
147            android:name="com.google.firebase.messaging.FirebaseMessagingService"
147-->[com.google.firebase:firebase-messaging:11.0.4] AndroidManifest.xml:23:18-87
148            android:exported="true" >
148-->[com.google.firebase:firebase-messaging:11.0.4] AndroidManifest.xml:23:88-111
149            <intent-filter android:priority="-500" >
149-->[com.google.firebase:firebase-messaging:11.0.4] AndroidManifest.xml:24:13-26:29
149-->[com.google.firebase:firebase-messaging:11.0.4] AndroidManifest.xml:24:28-51
150                <action android:name="com.google.firebase.MESSAGING_EVENT" />
150-->[com.google.firebase:firebase-messaging:11.0.4] AndroidManifest.xml:25:17-77
150-->[com.google.firebase:firebase-messaging:11.0.4] AndroidManifest.xml:25:25-75
151            </intent-filter>
152        </service>
153        <service
153-->[com.google.android.gms:play-services-tagmanager-api:11.0.4] AndroidManifest.xml:24:9-134
154            android:name="com.google.android.gms.tagmanager.TagManagerService"
154-->[com.google.android.gms:play-services-tagmanager-api:11.0.4] AndroidManifest.xml:24:18-84
155            android:enabled="true"
155-->[com.google.android.gms:play-services-tagmanager-api:11.0.4] AndroidManifest.xml:24:110-132
156            android:exported="false" />
156-->[com.google.android.gms:play-services-tagmanager-api:11.0.4] AndroidManifest.xml:24:85-109
157
158        <activity
158-->[com.google.android.gms:play-services-tagmanager-api:11.0.4] AndroidManifest.xml:25:9-32:20
159            android:name="com.google.android.gms.tagmanager.TagManagerPreviewActivity"
159-->[com.google.android.gms:play-services-tagmanager-api:11.0.4] AndroidManifest.xml:25:19-93
160            android:exported="true"
160-->[com.google.android.gms:play-services-tagmanager-api:11.0.4] AndroidManifest.xml:25:94-117
161            android:noHistory="true" > <!-- optional, removes the previewActivity from the activity stack. -->
161-->[com.google.android.gms:play-services-tagmanager-api:11.0.4] AndroidManifest.xml:25:118-142
162            <intent-filter>
162-->[com.google.android.gms:play-services-tagmanager-api:11.0.4] AndroidManifest.xml:26:13-31:29
163                <data android:scheme="tagmanager.c.io.branch.branchster" />
163-->src/main/AndroidManifest.xml:29:17-74
163-->src/main/AndroidManifest.xml:29:23-51
164
165                <action android:name="android.intent.action.VIEW" />
165-->src/main/AndroidManifest.xml:30:17-69
165-->src/main/AndroidManifest.xml:30:25-66
166
167                <category android:name="android.intent.category.DEFAULT" />
167-->src/main/AndroidManifest.xml:31:17-76
167-->src/main/AndroidManifest.xml:31:27-73
168                <category android:name="android.intent.category.BROWSABLE" />
168-->src/main/AndroidManifest.xml:32:17-78
168-->src/main/AndroidManifest.xml:32:27-75
169            </intent-filter>
170        </activity>
171
172        <receiver
172-->[com.google.firebase:firebase-analytics:11.0.4] AndroidManifest.xml:25:7-26:18
173            android:name="com.google.android.gms.measurement.AppMeasurementReceiver"
173-->[com.google.firebase:firebase-analytics:11.0.4] AndroidManifest.xml:25:17-89
174            android:enabled="true"
174-->[com.google.firebase:firebase-analytics:11.0.4] AndroidManifest.xml:25:90-112
175            android:exported="false" >
175-->[com.google.firebase:firebase-analytics:11.0.4] AndroidManifest.xml:25:113-137
176        </receiver>
177        <receiver
177-->[com.google.firebase:firebase-analytics:11.0.4] AndroidManifest.xml:27:7-31:18
178            android:name="com.google.android.gms.measurement.AppMeasurementInstallReferrerReceiver"
178-->[com.google.firebase:firebase-analytics:11.0.4] AndroidManifest.xml:27:17-104
179            android:enabled="true"
179-->[com.google.firebase:firebase-analytics:11.0.4] AndroidManifest.xml:27:162-184
180            android:exported="true"
180-->[com.google.firebase:firebase-analytics:11.0.4] AndroidManifest.xml:27:185-208
181            android:permission="android.permission.INSTALL_PACKAGES" >
181-->[com.google.firebase:firebase-analytics:11.0.4] AndroidManifest.xml:27:105-161
182            <intent-filter>
182-->src/main/AndroidManifest.xml:70:13-72:29
183                <action android:name="com.android.vending.INSTALL_REFERRER" />
183-->src/main/AndroidManifest.xml:71:17-79
183-->src/main/AndroidManifest.xml:71:25-76
184            </intent-filter>
185        </receiver>
186
187        <service
187-->[com.google.firebase:firebase-analytics:11.0.4] AndroidManifest.xml:32:7-137
188            android:name="com.google.android.gms.measurement.AppMeasurementService"
188-->[com.google.firebase:firebase-analytics:11.0.4] AndroidManifest.xml:32:16-87
189            android:enabled="true"
189-->[com.google.firebase:firebase-analytics:11.0.4] AndroidManifest.xml:32:88-110
190            android:exported="false" />
190-->[com.google.firebase:firebase-analytics:11.0.4] AndroidManifest.xml:32:111-135
191        <service
191-->[com.google.firebase:firebase-analytics:11.0.4] AndroidManifest.xml:33:7-197
192            android:name="com.google.android.gms.measurement.AppMeasurementJobService"
192-->[com.google.firebase:firebase-analytics:11.0.4] AndroidManifest.xml:33:16-90
193            android:enabled="true"
193-->[com.google.firebase:firebase-analytics:11.0.4] AndroidManifest.xml:33:148-170
194            android:exported="false"
194-->[com.google.firebase:firebase-analytics:11.0.4] AndroidManifest.xml:33:171-195
195            android:permission="android.permission.BIND_JOB_SERVICE" />
195-->[com.google.firebase:firebase-analytics:11.0.4] AndroidManifest.xml:33:91-147
196
197        <receiver
197-->[com.google.firebase:firebase-iid:11.0.4] AndroidManifest.xml:30:9-35:20
198            android:name="com.google.firebase.iid.FirebaseInstanceIdReceiver"
198-->[com.google.firebase:firebase-iid:11.0.4] AndroidManifest.xml:30:19-84
199            android:exported="true"
199-->[com.google.firebase:firebase-iid:11.0.4] AndroidManifest.xml:30:85-108
200            android:permission="com.google.android.c2dm.permission.SEND" >
200-->[com.google.firebase:firebase-iid:11.0.4] AndroidManifest.xml:30:109-169
201            <intent-filter>
201-->[com.google.firebase:firebase-iid:11.0.4] AndroidManifest.xml:31:13-34:29
202                <action android:name="com.google.android.c2dm.intent.RECEIVE" />
202-->[com.google.firebase:firebase-iid:11.0.4] AndroidManifest.xml:32:17-80
202-->[com.google.firebase:firebase-iid:11.0.4] AndroidManifest.xml:32:25-78
203
204                <category android:name="io.branch.branchster" />
204-->[com.google.firebase:firebase-iid:11.0.4] AndroidManifest.xml:33:17-60
204-->[com.google.firebase:firebase-iid:11.0.4] AndroidManifest.xml:33:27-58
205            </intent-filter>
206        </receiver>
207        <!--
208 Internal (not exported) receiver used by the app to start its own exported services
209             without risk of being spoofed.
210        -->
211        <receiver
211-->[com.google.firebase:firebase-iid:11.0.4] AndroidManifest.xml:39:9-119
212            android:name="com.google.firebase.iid.FirebaseInstanceIdInternalReceiver"
212-->[com.google.firebase:firebase-iid:11.0.4] AndroidManifest.xml:39:19-92
213            android:exported="false" />
213-->[com.google.firebase:firebase-iid:11.0.4] AndroidManifest.xml:39:93-117
214        <!--
215 FirebaseInstanceIdService performs security checks at runtime,
216             no need for explicit permissions despite exported="true"
217        -->
218        <service
218-->[com.google.firebase:firebase-iid:11.0.4] AndroidManifest.xml:43:9-47:19
219            android:name="com.google.firebase.iid.FirebaseInstanceIdService"
219-->[com.google.firebase:firebase-iid:11.0.4] AndroidManifest.xml:43:18-82
220            android:exported="true" >
220-->[com.google.firebase:firebase-iid:11.0.4] AndroidManifest.xml:43:83-106
221            <intent-filter android:priority="-500" >
221-->[com.google.firebase:firebase-iid:11.0.4] AndroidManifest.xml:44:13-46:29
221-->[com.google.firebase:firebase-iid:11.0.4] AndroidManifest.xml:44:28-51
222                <action android:name="com.google.firebase.INSTANCE_ID_EVENT" />
222-->[com.google.firebase:firebase-iid:11.0.4] AndroidManifest.xml:45:17-79
222-->[com.google.firebase:firebase-iid:11.0.4] AndroidManifest.xml:45:25-77
223            </intent-filter>
224        </service>
225
226        <provider
226-->[com.google.firebase:firebase-common:11.0.4] AndroidManifest.xml:6:9-194
227            android:name="com.google.firebase.provider.FirebaseInitProvider"
227-->[com.google.firebase:firebase-common:11.0.4] AndroidManifest.xml:6:79-143
228            android:authorities="io.branch.branchster.firebaseinitprovider"
228-->[com.google.firebase:firebase-common:11.0.4] AndroidManifest.xml:6:19-78
229            android:exported="false"
229-->[com.google.firebase:firebase-common:11.0.4] AndroidManifest.xml:6:144-168
230            android:initOrder="100" />
230-->[com.google.firebase:firebase-common:11.0.4] AndroidManifest.xml:6:169-192
231
232        <meta-data
232-->[com.google.android.gms:play-services-basement:11.0.4] AndroidManifest.xml:20:9-121
233            android:name="com.google.android.gms.version"
233-->[com.google.android.gms:play-services-basement:11.0.4] AndroidManifest.xml:20:20-65
234            android:value="@integer/google_play_services_version" />
234-->[com.google.android.gms:play-services-basement:11.0.4] AndroidManifest.xml:20:66-119
235    </application>
236
237</manifest>